<?xml version="1.0" encoding="UTF-8"?>
<!-- Generated by org.testng.reporters.JUnitReportReporter -->
<testsuite hostname="DESKTOP-C4PETOQ" name="Next.ExcuitionTest" tests="1" failures="0" timestamp="2 Jan 2020 03:24:46 GMT" time="21.617" errors="0">
  <testcase name="tet" time="21.617" classname="Next.ExcuitionTest"/>
</testsuite> <!-- Next.ExcuitionTest -->
