<?xml version="1.0" encoding="UTF-8"?>
<!-- Generated by org.testng.reporters.JUnitReportReporter -->
<testsuite hostname="DESKTOP-C4PETOQ" name="Next.TestClass" tests="1" failures="0" timestamp="2 Jan 2020 16:38:56 GMT" time="49.873" errors="0">
  <testcase name="openApp" time="49.873" classname="Next.TestClass"/>
</testsuite> <!-- Next.TestClass -->
