<?xml version="1.0" encoding="UTF-8"?>
<!-- Generated by org.testng.reporters.JUnitReportReporter -->
<testsuite hostname="DESKTOP-C4PETOQ" name="Reggretion.Smoke" tests="1" failures="0" timestamp="1 Jan 2020 06:51:25 GMT" time="44.824" errors="0">
  <testcase name="smokeTest" time="44.824" classname="Reggretion.Smoke"/>
</testsuite> <!-- Reggretion.Smoke -->
